     1                                  ; sframe.asm
     2                                  
     3                                  extern printf
     4                                  section .data
     5 00000000 746573742073617475-       temp db "test satu",10,0
     5 00000009 0A00               
     6 0000000B 74657374206475610A-       temp2 db "test dua",10,0
     6 00000014 00                 
     7 00000015 0500000000000000          side1 dq 5
     8 0000001D 0A00000000000000          side2 dq 10
     9 00000025 73696465313A202564-       fmti db "side1: %d side2: %d",10,0
     9 0000002E 2073696465323A2025-
     9 00000037 640A00             
    10                                  section .bss
    11                                  section .text
    12                                  func1:
    13                                  section .data
    14 0000003A 6231A83EA9290940          .pi dq 3.14534234
    15                                  section .text
    16 00000000 55                        push rbp
    17 00000001 4889E5                    mov rbp,rsp
    18                                  
    19 00000004 488B7D10                  mov rdi,[rbp+16]
    20 00000008 4831C0                    xor rax,rax
    21 0000000B E8(00000000)              call printf
    22                                  
    23                                    ;mov rdi,[rbp+24] ; test satu
    24                                    ;xor rax,rax
    25                                    ;call printf
    26                                  
    27                                    ;mov rdi,[rbp+16] ; test 2
    28                                    ;xor rax,rax
    29                                    ;call printf
    30                                  
    31 00000010 C9                        leave
    32 00000011 C3                        ret
    33                                  
    34                                    global main
    35                                  main:
    36 00000012 55                        push rbp
    37 00000013 4889E5                    mov rbp,rsp
    38                                    ;mov rdi,fmti
    39 00000016 68[25000000]              push fmti
    40 0000001B 488B3425[15000000]        mov rsi,[side1]
    41 00000023 488B1425[1D000000]        mov rdx,[side2]
    42                                    ;push rdi 
    43                                    ;push rbx
    44 0000002B E8D0FFFFFF                call func1
    45 00000030 C9                        leave
    46 00000031 C3                        ret
